Script started on 2018-11-29 15:01:52-0500
# pytest  -s --cov=. --cov-branch test_trans_translator.py ; coverage html
[1m================================== test session starts ==================================[0m
platform linux -- Python 3.6.5, pytest-3.8.0, py-1.6.0, pluggy-0.7.1
rootdir: /root/host/Documents/wc_dev_repos/BMSE/examples/fall_2018/week_11_unittests, inifile:
plugins: cov-2.6.0
[1mcollecting 0 items                                                                      [0m[1mcollecting 4 items                                                                      [0m[1mcollecting 4 items                                                                      [0m[1mcollected 4 items                                                                       [0m

test_trans_translator.py ..Fbad bases in ABD at positions [1, 2]
.

======================================= FAILURES ========================================
[31m[1m_________________________ TestTransTranslator.test_trans_trans __________________________[0m
ValueError: bad bases in ABD at positions [1, 2]

[33mDuring handling of the above exception, another exception occurred:[0m

self = <test_trans_translator.TestTransTranslator testMethod=test_trans_trans>

[1m    def test_trans_trans(self):[0m
[1m    [0m
[1m        # DNA with 1 protein that's 1 AA long; no non-coding DNA[0m
[1m        chr = 'ATGGAATGA'[0m
[1m        self.assertEqual(self.trans_translator.trans_trans(chr), (['E'], 0, False))[0m
[1m    [0m
[1m        # DNA with 1 protein that's 1 AA long; trailing non-coding DNA; nucleotides not a multiple of 3[0m
[1m        chr = 'ATG CGT TAA CGT A'.replace(' ', '')[0m
[1m        self.assertEqual(self.trans_translator.trans_trans(chr), (['R'], 4, False))[0m
[1m    [0m
[1m        # DNA with no protein[0m
[1m        chr = 'ATTATTATT'[0m
[1m        self.assertEqual(self.trans_translator.trans_trans(chr), ([], len(chr), True))[0m
[1m    [0m
[1m        # DNA with a 0-length protein; no non-coding DNA[0m
[1m        chr = 'ATGTAA'[0m
[1m        self.assertEqual(self.trans_translator.trans_trans(chr), ([], 0, True))[0m
[1m    [0m
[1m        # DNA failure: ends while encoding a protein[0m
[1m        chr = 'ATGCGTCGT'[0m
[1m        self.assertEqual(self.trans_translator.trans_trans(chr), ([], 0, True))[0m
[1m    [0m
[1m        # test exceptions[0m
[1m        chr = 'ABD'[0m
[1m        with self.assertRaisesRegex(ValueError, re.escape("xxbad bases in ABD at positions [1, 2]")):[0m
[1m>           self.trans_translator.trans_trans(chr)[0m
[1m[31mE           AssertionError: "xxbad\ bases\ in\ ABD\ at\ positions\ \[1\,\ 2\]" does not match "bad bases in ABD at positions [1, 2]"[0m

[1m[31mtest_trans_translator.py[0m:61: AssertionError

----------- coverage: platform linux, python 3.6.5-final-0 -----------
Name                       Stmts   Miss Branch BrPart  Cover
------------------------------------------------------------
test_trans_translator.py      62      6      0      0    90%
trans_translator.py           71      1     34      2    97%
------------------------------------------------------------
TOTAL                        133      7     34      2    95%

[31m[1m========================== 1 failed, 3 passed in 0.39 seconds ===========================[0m
# ^[[A
sh: 2: [A: not found
# ^[[A^[[B^[[B^[[B                
# 
# 
# ^[[A^[[A^[[A^[[A^[[B^[[B                        pytest  -s --cov=. --cov-branch test_trans_translator.py ; coverage html                 y
[1m================================== test session starts ==================================[0m
platform linux -- Python 3.6.5, pytest-3.8.0, py-1.6.0, pluggy-0.7.1
rootdir: /root/host/Documents/wc_dev_repos/BMSE/examples/fall_2018/week_11_unittests, inifile:
plugins: cov-2.6.0
[1mcollecting 0 items                                                                      [0m[1mcollecting 4 items                                                                      [0m[1mcollecting 4 items                                                                      [0m[1mcollected 4 items                                                                       [0m

test_trans_translator.py ...bad bases in ABD at positions [1, 2]
.

----------- coverage: platform linux, python 3.6.5-final-0 -----------
Name                       Stmts   Miss Branch BrPart  Cover
------------------------------------------------------------
test_trans_translator.py      62      0      0      0   100%
trans_translator.py           71      0     34      1    99%
------------------------------------------------------------
TOTAL                        133      0     34      1    99%


[32m[1m=============================== 4 passed in 0.46 seconds ================================[0m
# ^[[A^[[B^C
# pytest  -s --cov=. --cov-branch test_trans_translator.py ; coverage html                ^[[D^[[D^C
# pytest  -s --cov=. --cov-branch test_trans_translator.py ; coverage html^A                  
[1m================================== test session starts ==================================[0m
platform linux -- Python 3.6.5, pytest-3.8.0, py-1.6.0, pluggy-0.7.1
rootdir: /root/host/Documents/wc_dev_repos/BMSE/examples/fall_2018/week_11_unittests, inifile:
plugins: cov-2.6.0
[1mcollecting 0 items                                                                      [0m[1mcollecting 4 items                                                                      [0m[1mcollecting 4 items                                                                      [0m[1mcollected 4 items                                                                       [0m

test_trans_translator.py ...bad bases in ABD at positions [1, 2]
.

----------- coverage: platform linux, python 3.6.5-final-0 -----------
Name                       Stmts   Miss Branch BrPart  Cover
------------------------------------------------------------
test_trans_translator.py      62      0      0      0   100%
trans_translator.py           71      0     34      1    99%
------------------------------------------------------------
TOTAL                        133      0     34      1    99%


[32m[1m=============================== 4 passed in 0.37 seconds ================================[0m
# 
# pytest  -s --cov=. --cov-branch test_trans_translator.py ; coverage html
[1m================================== test session starts ==================================[0m
platform linux -- Python 3.6.5, pytest-3.8.0, py-1.6.0, pluggy-0.7.1
rootdir: /root/host/Documents/wc_dev_repos/BMSE/examples/fall_2018/week_11_unittests, inifile:
plugins: cov-2.6.0
[1mcollecting 0 items                                                                      [0m[1mcollecting 4 items                                                                      [0m[1mcollecting 4 items                                                                      [0m[1mcollected 4 items                                                                       [0m

test_trans_translator.py ...bad bases in ABD at positions [1, 2]
.

----------- coverage: platform linux, python 3.6.5-final-0 -----------
Name                       Stmts   Miss Branch BrPart  Cover
------------------------------------------------------------
test_trans_translator.py      62      0      0      0   100%
trans_translator.py           71      0     34      1    99%
------------------------------------------------------------
TOTAL                        133      0     34      1    99%


[32m[1m=============================== 4 passed in 0.32 seconds ================================[0m
# ^[[A^[[B        pytest  -s --cov=. --cov-branch test_trans_translator.py ; coverage html
[1m================================== test session starts ==================================[0m
platform linux -- Python 3.6.5, pytest-3.8.0, py-1.6.0, pluggy-0.7.1
rootdir: /root/host/Documents/wc_dev_repos/BMSE/examples/fall_2018/week_11_unittests, inifile:
plugins: cov-2.6.0
[1mcollecting 0 items                                                                      [0m[1mcollecting 4 items                                                                      [0m[1mcollecting 4 items                                                                      [0m[1mcollected 4 items                                                                       [0m

test_trans_translator.py translating = False
yes protein
..translating = False
yes protein
translating = False
yes protein
DNA with no protein
translating = False
.translating = False
yes protein
bad bases in ABD at positions [1, 2]
translating = False
yes protein
.

----------- coverage: platform linux, python 3.6.5-final-0 -----------
Name                       Stmts   Miss Branch BrPart  Cover
------------------------------------------------------------
test_trans_translator.py      63      0      0      0   100%
trans_translator.py           73      0     34      1    99%
------------------------------------------------------------
TOTAL                        136      0     34      1    99%


[32m[1m=============================== 4 passed in 0.41 seconds ================================[0m
# ls -lt
total 32
drwxr-xr-x  4 root root  128 Nov 29 15:09  __pycache__
-rw-r--r--  1 root root 8192 Nov 29 15:09  typescript
-rw-r--r--  1 root root 4334 Nov 29 15:09  test_trans_translator.py
-rw-r--r--  1 root root 7097 Nov 29 15:08  trans_translator.py
-rw-r--r--  1 root root   77 Nov 29 13:45 'RE examples.txt'
-rw-r--r--  1 root root 3573 Nov 29 12:15 'Demo keyword default mutable object bug.ipynb'
drwxr-xr-x 15 root root  480 Nov 28 15:52  htmlcov
# ls -alt
total 36
drwxr-xr-x 11 root root  352 Nov 29 15:09  .
-rw-r--r--  1 root root 2139 Nov 29 15:09  .coverage
drwxr-xr-x  4 root root  128 Nov 29 15:09  __pycache__
-rw-r--r--  1 root root 8192 Nov 29 15:09  typescript
-rw-r--r--  1 root root 4334 Nov 29 15:09  test_trans_translator.py
-rw-r--r--  1 root root 7097 Nov 29 15:08  trans_translator.py
-rw-r--r--  1 root root   77 Nov 29 13:45 'RE examples.txt'
drwxr-xr-x  4 root root  128 Nov 29 13:11  ..
-rw-r--r--  1 root root 3573 Nov 29 12:15 'Demo keyword default mutable object bug.ipynb'
drwxr-xr-x 15 root root  480 Nov 28 15:52  htmlcov
drwxr-xr-x  4 root root  128 Nov 28 14:25  .pytest_cache
# exit

Script done on 2018-11-29 15:11:51-0500
